HCANN000001: Hibernate Commons Annotations {4.0.2.Final}
HHH000412: Hibernate Core {4.2.7.SP1}
HHH000206: hibernate.properties not found
HHH000021: Bytecode provider name : javassist
HHH000043: Configuring from resource: /hibernate.cfg.xml
HHH000040: Configuration resource: /hibernate.cfg.xml
HHH000223: Recognized obsolete hibernate namespace http://hibernate.sourceforge.net/. Use namespace http://www.hibernate.org/dtd/ instead. Refer to Hibernate 3.6 Migration Guide!
HHH000221: Reading mappings from resource: database/Trackable.hbm.xml
HHH000223: Recognized obsolete hibernate namespace http://hibernate.sourceforge.net/. Use namespace http://www.hibernate.org/dtd/ instead. Refer to Hibernate 3.6 Migration Guide!
HHH000041: Configured SessionFactory: null
HHH000402: Using Hibernate built-in connection pool (not for production use!)
HHH000115: Hibernate connection pool size: 1
HHH000006: Autocommit mode: false
HHH000401: using driver [org.sqlite.JDBC] at URL [jdbc:sqlite:sqliteTest]
HHH000046: Connection properties: {user=, password=****}
HHH000400: Using dialect: database.SQLiteDialect
HHH000423: Disabling contextual LOB creation as JDBC driver reported JDBC version [2] less than 4
HHH000399: Using default transaction strategy (direct JDBC transactions)
HHH000397: Using ASTQueryTranslatorFactory
HHH000227: Running hbm2ddl schema export
HHH000230: Schema export complete
